[07-Jun-2015 17:32:31 UTC] PHP Warning:  include(smarty/libs/Smarty.class.php): failed to open stream: No such file or directory in /home/ubuntu/workspace/dff/dff.php on line 2
[07-Jun-2015 17:32:31 UTC] PHP Warning:  include(): Failed opening 'smarty/libs/Smarty.class.php' for inclusion (include_path='.:/usr/share/php:/usr/share/pear') in /home/ubuntu/workspace/dff/dff.php on line 2
[07-Jun-2015 17:32:31 UTC] PHP Fatal error:  Class 'Smarty' not found in /home/ubuntu/workspace/dff/dff.php on line 3
[07-Jun-2015 17:33:08 UTC] PHP Warning:  include(smarty/libs/Smarty.class.php): failed to open stream: No such file or directory in /home/ubuntu/workspace/dff/dff.php on line 2
[07-Jun-2015 17:33:08 UTC] PHP Warning:  include(): Failed opening 'smarty/libs/Smarty.class.php' for inclusion (include_path='.:/usr/share/php:/usr/share/pear') in /home/ubuntu/workspace/dff/dff.php on line 2
[07-Jun-2015 17:33:08 UTC] PHP Fatal error:  Class 'Smarty' not found in /home/ubuntu/workspace/dff/dff.php on line 3
[07-Jun-2015 18:28:57 UTC] PHP Notice:  Undefined index: artist in /home/ubuntu/workspace/dff/dff2.php on line 5
[07-Jun-2015 18:28:57 UTC] PHP Warning:  Invalid argument supplied for foreach() in /home/ubuntu/workspace/dff/dff2.php on line 6
[07-Jun-2015 18:29:06 UTC] PHP Notice:  Undefined index: artist in /home/ubuntu/workspace/dff/dff2.php on line 5
[07-Jun-2015 18:29:06 UTC] PHP Warning:  Invalid argument supplied for foreach() in /home/ubuntu/workspace/dff/dff2.php on line 6
[07-Jun-2015 18:30:23 UTC] PHP Notice:  Undefined index: artist in /home/ubuntu/workspace/dff/dff2.php on line 5
[07-Jun-2015 18:30:23 UTC] PHP Warning:  Invalid argument supplied for foreach() in /home/ubuntu/workspace/dff/dff2.php on line 6
[07-Jun-2015 18:30:39 UTC] PHP Notice:  Undefined index: artist in /home/ubuntu/workspace/dff/dff2.php on line 5
[07-Jun-2015 18:30:39 UTC] PHP Warning:  Invalid argument supplied for foreach() in /home/ubuntu/workspace/dff/dff2.php on line 6
[07-Jun-2015 18:31:28 UTC] PHP Notice:  Undefined index: artist in /home/ubuntu/workspace/dff/dff2.php on line 5
[07-Jun-2015 18:31:28 UTC] PHP Warning:  Invalid argument supplied for foreach() in /home/ubuntu/workspace/dff/dff2.php on line 6
[07-Jun-2015 18:31:44 UTC] PHP Notice:  Undefined index: artist in /home/ubuntu/workspace/dff/dff2.php on line 5
[07-Jun-2015 18:31:44 UTC] PHP Warning:  Invalid argument supplied for foreach() in /home/ubuntu/workspace/dff/dff2.php on line 6
[07-Jun-2015 18:31:45 UTC] PHP Notice:  Undefined index: artist in /home/ubuntu/workspace/dff/dff2.php on line 5
[07-Jun-2015 18:31:45 UTC] PHP Warning:  Invalid argument supplied for foreach() in /home/ubuntu/workspace/dff/dff2.php on line 6
[07-Jun-2015 18:31:48 UTC] PHP Notice:  Undefined index: artist in /home/ubuntu/workspace/dff/dff2.php on line 5
[07-Jun-2015 18:31:48 UTC] PHP Warning:  Invalid argument supplied for foreach() in /home/ubuntu/workspace/dff/dff2.php on line 6
[07-Jun-2015 18:43:06 UTC] PHP Notice:  Undefined index: artist in /home/ubuntu/workspace/dff/dff2.php on line 5
[07-Jun-2015 18:43:06 UTC] PHP Warning:  Invalid argument supplied for foreach() in /home/ubuntu/workspace/dff/dff2.php on line 6
[07-Jun-2015 18:43:12 UTC] PHP Notice:  Undefined index: artist in /home/ubuntu/workspace/dff/dff2.php on line 5
[07-Jun-2015 18:43:12 UTC] PHP Warning:  Invalid argument supplied for foreach() in /home/ubuntu/workspace/dff/dff2.php on line 6
[07-Jun-2015 18:46:03 UTC] PHP Notice:  Undefined index: artist in /home/ubuntu/workspace/dff/dff2.php on line 5
[07-Jun-2015 18:46:03 UTC] PHP Warning:  Invalid argument supplied for foreach() in /home/ubuntu/workspace/dff/dff2.php on line 6
[07-Jun-2015 18:46:07 UTC] PHP Notice:  Undefined index: artist in /home/ubuntu/workspace/dff/dff2.php on line 5
[07-Jun-2015 18:46:07 UTC] PHP Warning:  Invalid argument supplied for foreach() in /home/ubuntu/workspace/dff/dff2.php on line 6
[07-Jun-2015 18:46:08 UTC] PHP Notice:  Undefined index: artist in /home/ubuntu/workspace/dff/dff2.php on line 5
[07-Jun-2015 18:46:08 UTC] PHP Warning:  Invalid argument supplied for foreach() in /home/ubuntu/workspace/dff/dff2.php on line 6
[07-Jun-2015 18:46:15 UTC] PHP Notice:  Undefined index: artist in /home/ubuntu/workspace/dff/dff2.php on line 5
[07-Jun-2015 18:46:15 UTC] PHP Warning:  Invalid argument supplied for foreach() in /home/ubuntu/workspace/dff/dff2.php on line 6
[07-Jun-2015 18:46:16 UTC] PHP Notice:  Undefined index: artist in /home/ubuntu/workspace/dff/dff2.php on line 5
[07-Jun-2015 18:46:16 UTC] PHP Warning:  Invalid argument supplied for foreach() in /home/ubuntu/workspace/dff/dff2.php on line 6
[07-Jun-2015 18:46:16 UTC] PHP Notice:  Undefined index: artist in /home/ubuntu/workspace/dff/dff2.php on line 5
[07-Jun-2015 18:46:16 UTC] PHP Warning:  Invalid argument supplied for foreach() in /home/ubuntu/workspace/dff/dff2.php on line 6
[07-Jun-2015 18:46:17 UTC] PHP Notice:  Undefined index: artist in /home/ubuntu/workspace/dff/dff2.php on line 5
[07-Jun-2015 18:46:17 UTC] PHP Warning:  Invalid argument supplied for foreach() in /home/ubuntu/workspace/dff/dff2.php on line 6
[07-Jun-2015 18:46:23 UTC] PHP Notice:  Undefined index: artist in /home/ubuntu/workspace/dff/dff2.php on line 5
[07-Jun-2015 18:46:23 UTC] PHP Warning:  Invalid argument supplied for foreach() in /home/ubuntu/workspace/dff/dff2.php on line 6
[07-Jun-2015 18:46:23 UTC] PHP Notice:  Undefined index: artist in /home/ubuntu/workspace/dff/dff2.php on line 5
[07-Jun-2015 18:46:23 UTC] PHP Warning:  Invalid argument supplied for foreach() in /home/ubuntu/workspace/dff/dff2.php on line 6
[07-Jun-2015 18:50:16 UTC] PHP Notice:  Undefined index: artist in /home/ubuntu/workspace/dff/dff2.php on line 5
[07-Jun-2015 18:50:16 UTC] PHP Warning:  Invalid argument supplied for foreach() in /home/ubuntu/workspace/dff/dff2.php on line 6
[07-Jun-2015 18:50:16 UTC] PHP Notice:  Undefined index: artist in /home/ubuntu/workspace/dff/dff2.php on line 5
[07-Jun-2015 18:50:16 UTC] PHP Warning:  Invalid argument supplied for foreach() in /home/ubuntu/workspace/dff/dff2.php on line 6
[07-Jun-2015 18:51:41 UTC] PHP Notice:  Undefined index: artist in /home/ubuntu/workspace/dff/dff2.php on line 5
[07-Jun-2015 18:51:41 UTC] PHP Warning:  Invalid argument supplied for foreach() in /home/ubuntu/workspace/dff/dff2.php on line 6
[07-Jun-2015 18:51:42 UTC] PHP Notice:  Undefined index: artist in /home/ubuntu/workspace/dff/dff2.php on line 5
[07-Jun-2015 18:51:42 UTC] PHP Warning:  Invalid argument supplied for foreach() in /home/ubuntu/workspace/dff/dff2.php on line 6
[07-Jun-2015 18:53:56 UTC] PHP Notice:  Undefined index: artist in /home/ubuntu/workspace/dff/dff2.php on line 5
[07-Jun-2015 18:53:56 UTC] PHP Warning:  Invalid argument supplied for foreach() in /home/ubuntu/workspace/dff/dff2.php on line 6
[07-Jun-2015 18:53:57 UTC] PHP Notice:  Undefined index: artist in /home/ubuntu/workspace/dff/dff2.php on line 5
[07-Jun-2015 18:53:57 UTC] PHP Warning:  Invalid argument supplied for foreach() in /home/ubuntu/workspace/dff/dff2.php on line 6
[07-Jun-2015 18:54:03 UTC] PHP Notice:  Undefined index: artist in /home/ubuntu/workspace/dff/dff2.php on line 5
[07-Jun-2015 18:54:03 UTC] PHP Warning:  Invalid argument supplied for foreach() in /home/ubuntu/workspace/dff/dff2.php on line 6
[07-Jun-2015 19:02:51 UTC] PHP Notice:  Undefined index: artist in /home/ubuntu/workspace/dff/dff2.php on line 5
[07-Jun-2015 19:02:51 UTC] PHP Warning:  Invalid argument supplied for foreach() in /home/ubuntu/workspace/dff/dff2.php on line 6
[07-Jun-2015 19:03:32 UTC] PHP Notice:  Undefined index: artist in /home/ubuntu/workspace/dff/dff2.php on line 5
[07-Jun-2015 19:03:32 UTC] PHP Warning:  Invalid argument supplied for foreach() in /home/ubuntu/workspace/dff/dff2.php on line 6
[07-Jun-2015 19:03:33 UTC] PHP Notice:  Undefined index: artist in /home/ubuntu/workspace/dff/dff2.php on line 5
[07-Jun-2015 19:03:33 UTC] PHP Warning:  Invalid argument supplied for foreach() in /home/ubuntu/workspace/dff/dff2.php on line 6
[07-Jun-2015 19:03:35 UTC] PHP Notice:  Undefined index: artist in /home/ubuntu/workspace/dff/dff2.php on line 5
[07-Jun-2015 19:03:35 UTC] PHP Warning:  Invalid argument supplied for foreach() in /home/ubuntu/workspace/dff/dff2.php on line 6
[07-Jun-2015 19:04:34 UTC] PHP Notice:  Undefined index: artist in /home/ubuntu/workspace/dff/dff2.php on line 5
[07-Jun-2015 19:04:34 UTC] PHP Warning:  Invalid argument supplied for foreach() in /home/ubuntu/workspace/dff/dff2.php on line 6
[07-Jun-2015 19:04:35 UTC] PHP Notice:  Undefined index: artist in /home/ubuntu/workspace/dff/dff2.php on line 5
[07-Jun-2015 19:04:35 UTC] PHP Warning:  Invalid argument supplied for foreach() in /home/ubuntu/workspace/dff/dff2.php on line 6
[07-Jun-2015 19:04:41 UTC] PHP Notice:  Undefined index: artist in /home/ubuntu/workspace/dff/dff2.php on line 5
[07-Jun-2015 19:04:41 UTC] PHP Warning:  Invalid argument supplied for foreach() in /home/ubuntu/workspace/dff/dff2.php on line 6
[07-Jun-2015 19:06:56 UTC] PHP Notice:  Undefined index: artist in /home/ubuntu/workspace/dff/dff2.php on line 5
[07-Jun-2015 19:06:56 UTC] PHP Warning:  Invalid argument supplied for foreach() in /home/ubuntu/workspace/dff/dff2.php on line 6
[07-Jun-2015 19:06:57 UTC] PHP Notice:  Undefined index: artist in /home/ubuntu/workspace/dff/dff2.php on line 5
[07-Jun-2015 19:06:57 UTC] PHP Warning:  Invalid argument supplied for foreach() in /home/ubuntu/workspace/dff/dff2.php on line 6
[07-Jun-2015 19:07:01 UTC] PHP Notice:  Undefined index: artist in /home/ubuntu/workspace/dff/dff2.php on line 5
[07-Jun-2015 19:07:01 UTC] PHP Warning:  Invalid argument supplied for foreach() in /home/ubuntu/workspace/dff/dff2.php on line 6
[07-Jun-2015 19:12:22 UTC] PHP Notice:  Undefined index: artist in /home/ubuntu/workspace/dff/dff2.php on line 5
[07-Jun-2015 19:12:22 UTC] PHP Warning:  Invalid argument supplied for foreach() in /home/ubuntu/workspace/dff/dff2.php on line 6
[07-Jun-2015 19:12:25 UTC] PHP Notice:  Undefined index: artist in /home/ubuntu/workspace/dff/dff2.php on line 5
[07-Jun-2015 19:12:25 UTC] PHP Warning:  Invalid argument supplied for foreach() in /home/ubuntu/workspace/dff/dff2.php on line 6
[07-Jun-2015 19:12:26 UTC] PHP Notice:  Undefined index: artist in /home/ubuntu/workspace/dff/dff2.php on line 5
[07-Jun-2015 19:12:26 UTC] PHP Warning:  Invalid argument supplied for foreach() in /home/ubuntu/workspace/dff/dff2.php on line 6
[07-Jun-2015 19:12:33 UTC] PHP Notice:  Undefined index: artist in /home/ubuntu/workspace/dff/dff2.php on line 5
[07-Jun-2015 19:12:33 UTC] PHP Warning:  Invalid argument supplied for foreach() in /home/ubuntu/workspace/dff/dff2.php on line 6
[07-Jun-2015 19:13:39 UTC] PHP Notice:  Undefined index: artist in /home/ubuntu/workspace/dff/dff2.php on line 5
[07-Jun-2015 19:13:39 UTC] PHP Warning:  Invalid argument supplied for foreach() in /home/ubuntu/workspace/dff/dff2.php on line 6
[07-Jun-2015 19:16:38 UTC] PHP Notice:  Undefined index: artist in /home/ubuntu/workspace/dff/dff2.php on line 5
[07-Jun-2015 19:16:38 UTC] PHP Warning:  Invalid argument supplied for foreach() in /home/ubuntu/workspace/dff/dff2.php on line 6
[07-Jun-2015 19:16:40 UTC] PHP Notice:  Undefined index: artist in /home/ubuntu/workspace/dff/dff2.php on line 5
[07-Jun-2015 19:16:40 UTC] PHP Warning:  Invalid argument supplied for foreach() in /home/ubuntu/workspace/dff/dff2.php on line 6
[07-Jun-2015 19:16:50 UTC] PHP Notice:  Undefined index: artist in /home/ubuntu/workspace/dff/dff2.php on line 5
[07-Jun-2015 19:16:50 UTC] PHP Warning:  Invalid argument supplied for foreach() in /home/ubuntu/workspace/dff/dff2.php on line 6
[07-Jun-2015 19:16:59 UTC] PHP Notice:  Undefined index: artist in /home/ubuntu/workspace/dff/dff2.php on line 5
[07-Jun-2015 19:16:59 UTC] PHP Warning:  Invalid argument supplied for foreach() in /home/ubuntu/workspace/dff/dff2.php on line 6
[07-Jun-2015 19:22:11 UTC] PHP Notice:  Undefined index: artist in /home/ubuntu/workspace/dff/dff2.php on line 5
[07-Jun-2015 19:22:11 UTC] PHP Warning:  Invalid argument supplied for foreach() in /home/ubuntu/workspace/dff/dff2.php on line 6
[07-Jun-2015 19:23:13 UTC] PHP Notice:  Undefined index: artist in /home/ubuntu/workspace/dff/dff2.php on line 5
[07-Jun-2015 19:23:13 UTC] PHP Warning:  Invalid argument supplied for foreach() in /home/ubuntu/workspace/dff/dff2.php on line 6
[07-Jun-2015 19:23:59 UTC] PHP Notice:  Undefined index: artist in /home/ubuntu/workspace/dff/dff2.php on line 5
[07-Jun-2015 19:23:59 UTC] PHP Warning:  Invalid argument supplied for foreach() in /home/ubuntu/workspace/dff/dff2.php on line 6
